0 info it worked if it ends with ok
1 verbose cli [ 'node', '/usr/local/bin/npm', 'uninstall', 'jade' ]
2 info using npm@1.4.28
3 info using node@v0.10.34
4 verbose node_modules/jade unbuild
5 info preuninstall jade@1.11.0
6 info uninstall jade@1.11.0
7 verbose true,/Users/azium/Tutorials/riot-test/node_modules,/Users/azium/Tutorials/riot-test/node_modules unbuild jade@1.11.0
8 verbose /Users/azium/Tutorials/riot-test/node_modules/.bin,[object Object] binRoot
9 error Error: EACCES, unlink '/Users/azium/Tutorials/riot-test/node_modules/.bin/jade'
9 error  { [Error: EACCES, unlink '/Users/azium/Tutorials/riot-test/node_modules/.bin/jade']
9 error   errno: 3,
9 error   code: 'EACCES',
9 error   path: '/Users/azium/Tutorials/riot-test/node_modules/.bin/jade' }
10 error Please try running this command again as root/Administrator.
11 error System Darwin 14.3.0
12 error command "node" "/usr/local/bin/npm" "uninstall" "jade"
13 error cwd /Users/azium/Tutorials/riot-test
14 error node -v v0.10.34
15 error npm -v 1.4.28
16 error path /Users/azium/Tutorials/riot-test/node_modules/.bin/jade
17 error code EACCES
18 error errno 3
19 error stack Error: EACCES, unlink '/Users/azium/Tutorials/riot-test/node_modules/.bin/jade'
20 verbose exit [ 3, true ]
